{
  "RSpec": {
    "coverage": {
      "/Users/a0msin_/Desktop/ToDoListProjectTest/app/controllers/application_controller.rb": {
        "lines": [
          0,
          null,
          0,
          0
        ],
        "branches": {}
      },
      "/Users/a0msin_/Desktop/ToDoListProjectTest/app/controllers/homepage_controller.rb": {
        "lines": [
          0,
          0,
          0,
          0,
          0,
          null,
          0,
          0,
          0,
          0,
          0,
          0,
          0,
          0,
          0,
          0,
          0,
          0,
          null,
          0,
          0,
          0,
          0,
          0
        ],
        "branches": {}
      },
      "/Users/a0msin_/Desktop/ToDoListProjectTest/app/controllers/tasks_controller.rb": {
        "lines": [
          0,
          0,
          0,
          0,
          0,
          null,
          0,
          0,
          0,
          0,
          0,
          0,
          0,
          0,
          0,
          0,
          0,
          0,
          null,
          0,
          0,
          0,
          0,
          0,
          null,
          0,
          0,
          0,
          null,
          0,
          0,
          0,
          0,
          0,
          null,
          0,
          0,
          0,
          0,
          0,
          0,
          0,
          null,
          0,
          0,
          0,
          0,
          0
        ],
        "branches": {}
      },
      "/Users/a0msin_/Desktop/ToDoListProjectTest/app/helpers/application_helper.rb": {
        "lines": [
          0,
          0
        ],
        "branches": {}
      },
      "/Users/a0msin_/Desktop/ToDoListProjectTest/app/helpers/homepage_helper.rb": {
        "lines": [
          0,
          0
        ],
        "branches": {}
      },
      "/Users/a0msin_/Desktop/ToDoListProjectTest/app/helpers/tasks_helper.rb": {
        "lines": [
          0,
          0
        ],
        "branches": {}
      },
      "/Users/a0msin_/Desktop/ToDoListProjectTest/app/jobs/application_job.rb": {
        "lines": [
          0,
          null,
          null,
          null,
          null,
          null,
          0
        ],
        "branches": {}
      },
      "/Users/a0msin_/Desktop/ToDoListProjectTest/app/mailers/application_mailer.rb": {
        "lines": [
          0,
          0,
          0,
          0
        ],
        "branches": {}
      },
      "/Users/a0msin_/Desktop/ToDoListProjectTest/app/models/application_record.rb": {
        "lines": [
          0,
          0,
          0
        ],
        "branches": {}
      },
      "/Users/a0msin_/Desktop/ToDoListProjectTest/app/models/task.rb": {
        "lines": [
          0,
          0,
          0
        ],
        "branches": {}
      }
    },
    "timestamp": 1755440345
  }
}
